Build started 07.07.2017 22:56:42.
     1>Project "C:\Users\Fedor\Documents\Visual Studio 2013\Projects\GameEditor\Utils\Utils.vcxproj" on node 2 (Build target(s)).
     1>C:\Program Files (x86)\MSBuild\Microsoft.Cpp\v4.0\V120\Microsoft.CppBuild.targets(363,5): warning MSB8004: Intermediate Directory does not end with a trailing slash.  This build instance will add the slash as it is required to allow proper evaluation of the Intermediate Directory.
     1>C:\Program Files (x86)\MSBuild\Microsoft.Cpp\v4.0\V120\Microsoft.CppBuild.targets(364,5): warning MSB8004: Output Directory does not end with a trailing slash.  This build instance will add the slash as it is required to allow proper evaluation of the Output Directory.
     1>ClCompile:
         C:\Program Files (x86)\Microsoft Visual Studio 12.0\VC\bin\CL.exe /c /ZI /nologo /W3 /WX- /Od /Oy- /D WIN32 /D _DEBUG /D _LIB /D _UNICODE /D UNICODE /Gm /EHsc /RTC1 /MDd /GS /fp:precise /Zc:wchar_t /Zc:forScope /Fo"C:\Users\Fedor\Documents\Visual Studio 2013\Projects\GameEditor\\Debug\obj\\" /Fd"C:\Users\Fedor\Documents\Visual Studio 2013\Projects\GameEditor\\Debug\obj\vc120.pdb" /Gd /TP /analyze- /errorReport:prompt ErrorMessage.cpp FileLog.cpp ILogObserver.cpp LogObservableChain.cpp Message.cpp Timer.cpp
         Timer.cpp
         Message.cpp
         LogObservableChain.cpp
         ILogObserver.cpp
         FileLog.cpp
         ErrorMessage.cpp
         Generating Code...
       Lib:
         C:\Program Files (x86)\Microsoft Visual Studio 12.0\VC\bin\Lib.exe /OUT:"C:\Users\Fedor\Documents\Visual Studio 2013\Projects\GameEditor\\Debug\output\Utils_d.lib" /NOLOGO "C:\Users\Fedor\Documents\Visual Studio 2013\Projects\GameEditor\\Debug\obj\ErrorMessage.obj"
         "C:\Users\Fedor\Documents\Visual Studio 2013\Projects\GameEditor\\Debug\obj\FileLog.obj"
         "C:\Users\Fedor\Documents\Visual Studio 2013\Projects\GameEditor\\Debug\obj\ILogObserver.obj"
         "C:\Users\Fedor\Documents\Visual Studio 2013\Projects\GameEditor\\Debug\obj\LogObservableChain.obj"
         "C:\Users\Fedor\Documents\Visual Studio 2013\Projects\GameEditor\\Debug\obj\Message.obj"
         "C:\Users\Fedor\Documents\Visual Studio 2013\Projects\GameEditor\\Debug\obj\Timer.obj"
     1>Message.obj : warning LNK4221: This object file does not define any previously undefined public symbols, so it will not be used by any link operation that consumes this library
     1>ILogObserver.obj : warning LNK4221: This object file does not define any previously undefined public symbols, so it will not be used by any link operation that consumes this library
         Utils.vcxproj -> C:\Users\Fedor\Documents\Visual Studio 2013\Projects\GameEditor\\Debug\output\Utils_d.lib
     1>Done Building Project "C:\Users\Fedor\Documents\Visual Studio 2013\Projects\GameEditor\Utils\Utils.vcxproj" (Build target(s)).

Build succeeded.

Time Elapsed 00:00:13.14
