c:\users\fedor\documents\visual studio 2013\projects\gameeditor\gameeditor\x64\debug\vc120.pdb
c:\users\fedor\documents\visual studio 2013\projects\gameeditor\gameeditor\x64\debug\gameeditor.obj
c:\users\fedor\documents\visual studio 2013\projects\gameeditor\gameeditor\x64\debug\fileprocessor.obj
c:\users\fedor\documents\visual studio 2013\projects\gameeditor\gameeditor\x64\debug\dependencyresolver.obj
c:\users\fedor\documents\visual studio 2013\projects\gameeditor\gameeditor\x64\debug\daldependencyresolver.obj
c:\users\fedor\documents\visual studio 2013\projects\gameeditor\gameeditor\x64\debug\d3dconfigurer.obj
c:\users\fedor\documents\visual studio 2013\projects\gameeditor\gameeditor\x64\debug\camera.obj
c:\users\fedor\documents\visual studio 2013\projects\gameeditor\gameeditor\x64\debug\bumpspecsinglelightshcreator.obj
c:\users\fedor\documents\visual studio 2013\projects\gameeditor\gameeditor\x64\debug\bumpspecsinglelightsh.obj
c:\users\fedor\documents\visual studio 2013\projects\gameeditor\gameeditor\x64\debug\bumpspecmaterialcreator.obj
c:\users\fedor\documents\visual studio 2013\projects\gameeditor\gameeditor\x64\debug\bumpspecmaterial.obj
c:\users\fedor\documents\visual studio 2013\projects\gameeditor\gameeditor\x64\debug\bumpspecmapshadercreator.obj
c:\users\fedor\documents\visual studio 2013\projects\gameeditor\gameeditor\x64\debug\bumpspecmapshader.obj
c:\users\fedor\documents\visual studio 2013\projects\gameeditor\gameeditor\x64\debug\bumpspecmapmaterialcreator.obj
c:\users\fedor\documents\visual studio 2013\projects\gameeditor\gameeditor\x64\debug\bumpspecmapmaterial.obj
c:\users\fedor\documents\visual studio 2013\projects\gameeditor\gameeditor\x64\debug\bumpsingledirlightshadercreator.obj
c:\users\fedor\documents\visual studio 2013\projects\gameeditor\gameeditor\x64\debug\bumpsingledirlightshader.obj
c:\users\fedor\documents\visual studio 2013\projects\gameeditor\gameeditor\x64\debug\bumpmaterialcreator.obj
c:\users\fedor\documents\visual studio 2013\projects\gameeditor\gameeditor\x64\debug\bumpmaterial.obj
c:\users\fedor\documents\visual studio 2013\projects\gameeditor\gameeditor\x64\debug\blldependencyresolver.obj
c:\users\fedor\documents\visual studio 2013\projects\gameeditor\gameeditor\x64\debug\addstaticgameobjectdialog.obj
c:\users\fedor\documents\visual studio 2013\projects\gameeditor\gameeditor\x64\debug\mesh.obj
c:\users\fedor\documents\visual studio 2013\projects\gameeditor\gameeditor\x64\debug\materialfactory.obj
c:\users\fedor\documents\visual studio 2013\projects\gameeditor\gameeditor\x64\debug\main.obj
c:\users\fedor\documents\visual studio 2013\projects\gameeditor\gameeditor\x64\debug\logger.obj
c:\users\fedor\documents\visual studio 2013\projects\gameeditor\gameeditor\x64\debug\lightininigsystem.obj
c:\users\fedor\documents\visual studio 2013\projects\gameeditor\gameeditor\x64\debug\ishader.obj
c:\users\fedor\documents\visual studio 2013\projects\gameeditor\gameeditor\x64\debug\inputsystem.obj
c:\users\fedor\documents\visual studio 2013\projects\gameeditor\gameeditor\x64\debug\inputstate.obj
c:\users\fedor\documents\visual studio 2013\projects\gameeditor\gameeditor\x64\debug\inputlistener.obj
c:\users\fedor\documents\visual studio 2013\projects\gameeditor\gameeditor\x64\debug\imeshconverter.obj
c:\users\fedor\documents\visual studio 2013\projects\gameeditor\gameeditor\x64\debug\imaterialcreator.obj
c:\users\fedor\documents\visual studio 2013\projects\gameeditor\gameeditor\x64\debug\imaterial.obj
c:\users\fedor\documents\visual studio 2013\projects\gameeditor\gameeditor\x64\debug\highperformancetimer.obj
c:\users\fedor\documents\visual studio 2013\projects\gameeditor\gameeditor\x64\debug\graphicsystem.obj
c:\users\fedor\documents\visual studio 2013\projects\gameeditor\gameeditor\x64\debug\moc_qtgameframeworktest.obj
c:\users\fedor\documents\visual studio 2013\projects\gameeditor\gameeditor\x64\debug\moc_previewstaticgowidget.obj
c:\users\fedor\documents\visual studio 2013\projects\gameeditor\gameeditor\x64\debug\moc_objconverterdialog.obj
c:\users\fedor\documents\visual studio 2013\projects\gameeditor\gameeditor\x64\debug\moc_gameeditor.obj
c:\users\fedor\documents\visual studio 2013\projects\gameeditor\gameeditor\x64\debug\moc_addstaticgameobjectdialog.obj
c:\users\fedor\documents\visual studio 2013\projects\gameeditor\gameeditor\x64\debug\gameobject.obj
c:\users\fedor\documents\visual studio 2013\projects\gameeditor\gameeditor\x64\debug\staticgameobjecttm.obj
c:\users\fedor\documents\visual studio 2013\projects\gameeditor\gameeditor\x64\debug\static.obj
c:\users\fedor\documents\visual studio 2013\projects\gameeditor\gameeditor\x64\debug\specularsingledirlightshadercreator.obj
c:\users\fedor\documents\visual studio 2013\projects\gameeditor\gameeditor\x64\debug\specularsingledirlightshader.obj
c:\users\fedor\documents\visual studio 2013\projects\gameeditor\gameeditor\x64\debug\specularmaterialcreator.obj
c:\users\fedor\documents\visual studio 2013\projects\gameeditor\gameeditor\x64\debug\specularmaterial.obj
c:\users\fedor\documents\visual studio 2013\projects\gameeditor\gameeditor\x64\debug\singledirectlightshadercreator.obj
c:\users\fedor\documents\visual studio 2013\projects\gameeditor\gameeditor\x64\debug\singledirectlightshader.obj
c:\users\fedor\documents\visual studio 2013\projects\gameeditor\gameeditor\x64\debug\shaderfactory.obj
c:\users\fedor\documents\visual studio 2013\projects\gameeditor\gameeditor\x64\debug\ishadercreator.obj
c:\users\fedor\documents\visual studio 2013\projects\gameeditor\gameeditor\x64\debug\shaderconfiguration.obj
c:\users\fedor\documents\visual studio 2013\projects\gameeditor\gameeditor\x64\debug\qtutils.obj
c:\users\fedor\documents\visual studio 2013\projects\gameeditor\gameeditor\x64\debug\qtunitofwork.obj
c:\users\fedor\documents\visual studio 2013\projects\gameeditor\gameeditor\x64\debug\qtloggerpart.obj
c:\users\fedor\documents\visual studio 2013\projects\gameeditor\gameeditor\x64\debug\qtgameframeworktest.obj
c:\users\fedor\documents\visual studio 2013\projects\gameeditor\gameeditor\x64\debug\previewstaticgowidget.obj
c:\users\fedor\documents\visual studio 2013\projects\gameeditor\gameeditor\x64\debug\previewgameobject.obj
c:\users\fedor\documents\visual studio 2013\projects\gameeditor\gameeditor\x64\debug\objmeshconverter.obj
c:\users\fedor\documents\visual studio 2013\projects\gameeditor\gameeditor\x64\debug\objconverterdialog.obj
c:\users\fedor\documents\visual studio 2013\projects\gameeditor\gameeditor\x64\debug\meshfactory.obj
c:\users\fedor\documents\visual studio 2013\projects\gameeditor\gameeditor\x64\debug\utils.obj
c:\users\fedor\documents\visual studio 2013\projects\gameeditor\gameeditor\x64\debug\timer.obj
c:\users\fedor\documents\visual studio 2013\projects\gameeditor\gameeditor\x64\debug\textureshadercreator.obj
c:\users\fedor\documents\visual studio 2013\projects\gameeditor\gameeditor\x64\debug\textureshader.obj
c:\users\fedor\documents\visual studio 2013\projects\gameeditor\gameeditor\x64\debug\texturematerialcreator.obj
c:\users\fedor\documents\visual studio 2013\projects\gameeditor\gameeditor\x64\debug\texturematerial.obj
c:\users\fedor\documents\visual studio 2013\projects\gameeditor\gameeditor\x64\debug\texturefactory.obj
c:\users\fedor\documents\visual studio 2013\projects\gameeditor\gameeditor\x64\debug\texture.obj
c:\users\fedor\documents\visual studio 2013\projects\gameeditor\gameeditor\x64\debug\staticgoservice.obj
c:\users\fedor\documents\visual studio 2013\projects\gameeditor\gameeditor\x64\debug\staticgorepository.obj
c:\users\fedor\documents\visual studio 2013\projects\gameeditor\gameeditor\x64\debug\qrc_gameeditor.obj
c:\users\fedor\documents\visual studio 2013\projects\gameeditor\gameeditor\x64\debug\mtlmatlibconverter.obj
c:\users\fedor\documents\visual studio 2013\projects\gameeditor\gameeditor\x64\debug\iconverter.obj
c:\users\fedor\documents\visual studio 2013\projects\gameeditor\gameeditor\generatedfiles\debug\moc_gameeditor.cpp
c:\users\fedor\documents\visual studio 2013\projects\gameeditor\gameeditor\generatedfiles\debug\moc_addstaticgameobjectdialog.cpp
c:\users\fedor\documents\visual studio 2013\projects\gameeditor\gameeditor\generatedfiles\debug\moc_qtgameframeworktest.cpp
c:\users\fedor\documents\visual studio 2013\projects\gameeditor\gameeditor\generatedfiles\qrc_gameeditor.cpp
c:\users\fedor\documents\visual studio 2013\projects\gameeditor\gameeditor\generatedfiles\ui_qtgameframeworktest.h
c:\users\fedor\documents\visual studio 2013\projects\gameeditor\gameeditor\generatedfiles\ui_addstaticgameobjectdialog.h
c:\users\fedor\documents\visual studio 2013\projects\gameeditor\gameeditor\generatedfiles\ui_previewstaticgowidget.h
c:\users\fedor\documents\visual studio 2013\projects\gameeditor\gameeditor\generatedfiles\debug\moc_objconverterdialog.cpp
c:\users\fedor\documents\visual studio 2013\projects\gameeditor\gameeditor\generatedfiles\ui_objconverterdialog.h
c:\users\fedor\documents\visual studio 2013\projects\gameeditor\gameeditor\generatedfiles\ui_gameeditor.h
c:\users\fedor\documents\visual studio 2013\projects\gameeditor\gameeditor\generatedfiles\debug\moc_previewstaticgowidget.cpp
c:\users\fedor\documents\visual studio 2013\projects\gameeditor\x64\debug\gameeditor.pdb
c:\users\fedor\documents\visual studio 2013\projects\gameeditor\gameeditor\x64\debug\gameeditor.tlog\cl.command.1.tlog
c:\users\fedor\documents\visual studio 2013\projects\gameeditor\gameeditor\x64\debug\gameeditor.tlog\cl.read.1.tlog
c:\users\fedor\documents\visual studio 2013\projects\gameeditor\gameeditor\x64\debug\gameeditor.tlog\cl.write.1.tlog
c:\users\fedor\documents\visual studio 2013\projects\gameeditor\gameeditor\x64\debug\gameeditor.tlog\custombuild.command.1.tlog
c:\users\fedor\documents\visual studio 2013\projects\gameeditor\gameeditor\x64\debug\gameeditor.tlog\custombuild.read.1.tlog
c:\users\fedor\documents\visual studio 2013\projects\gameeditor\gameeditor\x64\debug\gameeditor.tlog\custombuild.write.1.tlog
c:\users\fedor\documents\visual studio 2013\projects\gameeditor\gameeditor\x64\debug\gameeditor.tlog\link-cvtres.read.1.tlog
c:\users\fedor\documents\visual studio 2013\projects\gameeditor\gameeditor\x64\debug\gameeditor.tlog\link-cvtres.write.1.tlog
c:\users\fedor\documents\visual studio 2013\projects\gameeditor\gameeditor\x64\debug\gameeditor.tlog\link-rc.read.1.tlog
c:\users\fedor\documents\visual studio 2013\projects\gameeditor\gameeditor\x64\debug\gameeditor.tlog\link-rc.write.1.tlog
c:\users\fedor\documents\visual studio 2013\projects\gameeditor\gameeditor\x64\debug\gameeditor.tlog\link.command.1.tlog
c:\users\fedor\documents\visual studio 2013\projects\gameeditor\gameeditor\x64\debug\gameeditor.tlog\link.read.1.tlog
c:\users\fedor\documents\visual studio 2013\projects\gameeditor\gameeditor\x64\debug\gameeditor.tlog\link.write.1.tlog
