Build started 14.03.2018 21:29:53.
     1>Project "C:\Users\Fedor\Documents\Visual Studio 2013\Projects\GameEditor\GameEditor\GameEditor.vcxproj" on node 2 (Build target(s)).
     1>CustomBuild:
         Moc'ing GameEditor.h...
         Moc'ing ControlDialog.h...
         Moc'ing MapEditor.h...
         Moc'ing QtDirectXWidget.h...
         Uic'ing ControlDialog.ui...
       ClCompile:
         C:\Program Files (x86)\Microsoft Visual Studio 12.0\VC\bin\x86_amd64\CL.exe /c /I.\GeneratedFiles /I. /IC:\Qt\5.9\msvc2013_64\include /I.\GeneratedFiles\Debug /IC:\Qt\5.9\msvc2013_64\include\QtCore /IC:\Qt\5.9\msvc2013_64\include\QtGui /IC:\Qt\5.9\msvc2013_64\include\QtWidgets /IC:\Qt\5.9\msvc2013_64\include\QtSql /Zi /nologo /W1 /WX- /Od /D UNICODE /D WIN32 /D WIN64 /D QT_DLL /D QT_CORE_LIB /D QT_GUI_LIB /D QT_WIDGETS_LIB /D QT_SQL_LIB /Gm- /EHsc /MDd /GS /fp:precise /Zc:wchar_t /Zc:forScope /Fo"x64\Debug\\" /Fd"x64\Debug\vc120.pdb" /Gd /TP /errorReport:prompt AddOrEditPointLightDialog.cpp AddOrEditPointLightOnMapDialog.cpp AddOrEditSGOOnMapDialog.cpp AddStaticGameObjectDialog.cpp ConfigurePLRelativePosWidget.cpp ConfigurePLRelPosControl.cpp ControlDialog.cpp GameEditor.cpp GeneratedFiles\Debug\moc_AddOrEditPointLightDialog.cpp GeneratedFiles\Debug\moc_AddOrEditPointLightOnMapDialog.cpp GeneratedFiles\Debug\moc_AddOrEditSGOOnMapDialog.cpp GeneratedFiles\Debug\moc_ConfigurePLRelativePosWidget.cpp GeneratedFiles\Debug\moc_ControlDialog.cpp GeneratedFiles\Debug\moc_MapEditorData.cpp GeneratedFiles\Debug\moc_MapEditorPreferencesDialog.cpp GeneratedFiles\Debug\moc_PointLightTableWidget.cpp GeneratedFiles\Debug\moc_PointLightWidgetToolBox.cpp GeneratedFiles\Debug\moc_QtGEPaginator.cpp GeneratedFiles\Debug\moc_SGOOnMapTableWidget.cpp GeneratedFiles\Debug\moc_SGOOnMapToolBox.cpp GeneratedFiles\Debug\moc_SGOTableWidget.cpp GeneratedFiles\Debug\moc_SGOWidgetToolBox.cpp MapEditorControl.cpp MapEditorData.cpp MapEditorPreferencesDialog.cpp PointLightTableWidget.cpp PointLightWidgetToolBox.cpp QtGEPaginator.cpp GeneratedFiles\Debug\moc_AddStaticGameObjectDialog.cpp GeneratedFiles\Debug\moc_GameEditor.cpp GeneratedFiles\Debug\moc_MapEditor.cpp GeneratedFiles\Debug\moc_ObjConverterDialog.cpp GeneratedFiles\Debug\moc_PreviewStaticGOWidget.cpp GeneratedFiles\Debug\moc_QtDirectXWidget.cpp main.cpp MapEditor.cpp ObjConverterDialog.cpp PreviewStaticGOWidget.cpp QtDirectXWidget.cpp SGOOnMapTableWidget.cpp SGOOnMapToolBox.cpp SGOTableWidget.cpp SGOWidgetToolBox.cpp
         AddOrEditPointLightDialog.cpp
         AddOrEditPointLightOnMapDialog.cpp
         AddOrEditSGOOnMapDialog.cpp
         AddStaticGameObjectDialog.cpp
         ConfigurePLRelativePosWidget.cpp
         C:\Program Files (x86)\Windows Kits\8.1\Include\um\dinput.h: DIRECTINPUT_VERSION undefined. Defaulting to version 0x0800
         ConfigurePLRelPosControl.cpp
         C:\Program Files (x86)\Windows Kits\8.1\Include\um\dinput.h: DIRECTINPUT_VERSION undefined. Defaulting to version 0x0800
         ControlDialog.cpp
         GameEditor.cpp
         C:\Program Files (x86)\Windows Kits\8.1\Include\um\dinput.h: DIRECTINPUT_VERSION undefined. Defaulting to version 0x0800
         moc_AddOrEditPointLightDialog.cpp
         moc_AddOrEditPointLightOnMapDialog.cpp
         moc_AddOrEditSGOOnMapDialog.cpp
         moc_ConfigurePLRelativePosWidget.cpp
         C:\Program Files (x86)\Windows Kits\8.1\Include\um\dinput.h: DIRECTINPUT_VERSION undefined. Defaulting to version 0x0800
         moc_ControlDialog.cpp
         moc_MapEditorData.cpp
         C:\Program Files (x86)\Windows Kits\8.1\Include\um\dinput.h: DIRECTINPUT_VERSION undefined. Defaulting to version 0x0800
         moc_MapEditorPreferencesDialog.cpp
         moc_PointLightTableWidget.cpp
         moc_PointLightWidgetToolBox.cpp
         moc_QtGEPaginator.cpp
         moc_SGOOnMapTableWidget.cpp
         C:\Program Files (x86)\Windows Kits\8.1\Include\um\dinput.h: DIRECTINPUT_VERSION undefined. Defaulting to version 0x0800
         moc_SGOOnMapToolBox.cpp
         Generating Code...
         Compiling...
         moc_SGOTableWidget.cpp
         moc_SGOWidgetToolBox.cpp
         MapEditorControl.cpp
         C:\Program Files (x86)\Windows Kits\8.1\Include\um\dinput.h: DIRECTINPUT_VERSION undefined. Defaulting to version 0x0800
         MapEditorData.cpp
         C:\Program Files (x86)\Windows Kits\8.1\Include\um\dinput.h: DIRECTINPUT_VERSION undefined. Defaulting to version 0x0800
         MapEditorPreferencesDialog.cpp
         PointLightTableWidget.cpp
         C:\Program Files (x86)\Windows Kits\8.1\Include\um\dinput.h: DIRECTINPUT_VERSION undefined. Defaulting to version 0x0800
         PointLightWidgetToolBox.cpp
         QtGEPaginator.cpp
         moc_AddStaticGameObjectDialog.cpp
         moc_GameEditor.cpp
         C:\Program Files (x86)\Windows Kits\8.1\Include\um\dinput.h: DIRECTINPUT_VERSION undefined. Defaulting to version 0x0800
         moc_MapEditor.cpp
         C:\Program Files (x86)\Windows Kits\8.1\Include\um\dinput.h: DIRECTINPUT_VERSION undefined. Defaulting to version 0x0800
         moc_ObjConverterDialog.cpp
         moc_PreviewStaticGOWidget.cpp
         C:\Program Files (x86)\Windows Kits\8.1\Include\um\dinput.h: DIRECTINPUT_VERSION undefined. Defaulting to version 0x0800
         moc_QtDirectXWidget.cpp
         C:\Program Files (x86)\Windows Kits\8.1\Include\um\dinput.h: DIRECTINPUT_VERSION undefined. Defaulting to version 0x0800
         main.cpp
         C:\Program Files (x86)\Windows Kits\8.1\Include\um\dinput.h: DIRECTINPUT_VERSION undefined. Defaulting to version 0x0800
         MapEditor.cpp
         C:\Program Files (x86)\Windows Kits\8.1\Include\um\dinput.h: DIRECTINPUT_VERSION undefined. Defaulting to version 0x0800
         ObjConverterDialog.cpp
         PreviewStaticGOWidget.cpp
         C:\Program Files (x86)\Windows Kits\8.1\Include\um\dinput.h: DIRECTINPUT_VERSION undefined. Defaulting to version 0x0800
         QtDirectXWidget.cpp
         C:\Program Files (x86)\Windows Kits\8.1\Include\um\dinput.h: DIRECTINPUT_VERSION undefined. Defaulting to version 0x0800
         SGOOnMapTableWidget.cpp
         C:\Program Files (x86)\Windows Kits\8.1\Include\um\dinput.h: DIRECTINPUT_VERSION undefined. Defaulting to version 0x0800
         Generating Code...
         Compiling...
         SGOOnMapToolBox.cpp
         SGOTableWidget.cpp
         C:\Program Files (x86)\Windows Kits\8.1\Include\um\dinput.h: DIRECTINPUT_VERSION undefined. Defaulting to version 0x0800
         SGOWidgetToolBox.cpp
         Generating Code...
         C:\Program Files (x86)\Microsoft Visual Studio 12.0\VC\bin\x86_amd64\CL.exe /c /I.\GeneratedFiles /I. /IC:\Qt\5.9\msvc2013_64\include /I.\GeneratedFiles\Debug /IC:\Qt\5.9\msvc2013_64\include\QtCore /IC:\Qt\5.9\msvc2013_64\include\QtGui /IC:\Qt\5.9\msvc2013_64\include\QtWidgets /IC:\Qt\5.9\msvc2013_64\include\QtSql /Zi /nologo /W1 /WX- /Od /D UNICODE /D WIN32 /D WIN64 /D QT_DLL /D QT_CORE_LIB /D QT_GUI_LIB /D QT_WIDGETS_LIB /D QT_SQL_LIB /Gm- /EHsc /MDd /GS /fp:precise /Zc:wchar_t /Zc:forScope /Fo"x64\Debug\\" /Fd"x64\Debug\vc120.pdb" /Gd /TP /errorReport:prompt GeneratedFiles\qrc_GameEditor.cpp
         qrc_GameEditor.cpp
       Link:
         C:\Program Files (x86)\Microsoft Visual Studio 12.0\VC\bin\x86_amd64\link.exe /ERRORREPORT:PROMPT /OUT:"C:\Users\Fedor\Documents\Visual Studio 2013\Projects\GameEditor\x64\Debug\\GameEditor.exe" /NOLOGO /LIBPATH:"C:\Users\Fedor\Documents\Visual Studio 2013\Projects\GameEditor\x64\Debug\QtClassLibrary1.lib" /LIBPATH:C:\Qt\5.9\msvc2013_64\lib qtmaind.lib Qt5Cored.lib Qt5Guid.lib Qt5Widgetsd.lib "C:\Users\Fedor\Documents\Visual Studio 2013\Projects\GameEditor\x64\Debug\QtClassLibrary1.lib" Qt5Sqld.lib kernel32.lib user32.lib gdi32.lib winspool.lib comdlg32.lib advapi32.lib shell32.lib ole32.lib oleaut32.lib uuid.lib odbc32.lib odbccp32.lib /MANIFEST /MANIFESTUAC:"level='asInvoker' uiAccess='false'" /manifest:embed /DEBUG /PDB:"C:\Users\Fedor\Documents\Visual Studio 2013\Projects\GameEditor\x64\Debug\GameEditor.pdb" /SUBSYSTEM:WINDOWS /TLBID:1 /DYNAMICBASE /NXCOMPAT /IMPLIB:"C:\Users\Fedor\Documents\Visual Studio 2013\Projects\GameEditor\x64\Debug\GameEditor.lib" /MACHINE:X64 x64\Debug\AddOrEditPointLightDialog.obj
         x64\Debug\AddOrEditPointLightOnMapDialog.obj
         x64\Debug\AddOrEditSGOOnMapDialog.obj
         x64\Debug\AddStaticGameObjectDialog.obj
         x64\Debug\AmbientDefferedShader.obj
         x64\Debug\AxisAlignedBBHelper.obj
         x64\Debug\BLLDependencyResolver.obj
         x64\Debug\BoundingBox.obj
         x64\Debug\BumpMaterial.obj
         x64\Debug\BumpMaterialCreator.obj
         x64\Debug\BumpDefferedShader.obj
         x64\Debug\BumpSingleDirLightShader.obj
         x64\Debug\BumpSpecDefferedShader.obj
         x64\Debug\BumpSpecMapDefferedShader.obj
         x64\Debug\BumpSpecMapMaterial.obj
         x64\Debug\BumpSpecMapMaterialCreator.obj
         x64\Debug\BumpSpecMapShader.obj
         x64\Debug\BumpSpecMaterial.obj
         x64\Debug\BumpSpecMaterialCreator.obj
         x64\Debug\BumpSpecSingleLightSh.obj
         x64\Debug\Camera.obj
         x64\Debug\CameraFrustrum.obj
         x64\Debug\ColorDefferedShader.obj
         x64\Debug\ColorMaterial.obj
         x64\Debug\ColorMaterialCreator.obj
         x64\Debug\ColorShader.obj
         x64\Debug\ConfigurePLRelativePosWidget.obj
         x64\Debug\ConfigurePLRelPosControl.obj
         x64\Debug\ControlDialog.obj
         x64\Debug\D3DConfigurer.obj
         x64\Debug\DALDependencyResolver.obj
         x64\Debug\DependencyResolver.obj
         x64\Debug\FileProcessor.obj
         x64\Debug\FrozenDrawableBB.obj
         x64\Debug\FrozenDrawableBBFactory.obj
         x64\Debug\GameEditor.obj
         x64\Debug\GameObject.obj
         x64\Debug\GameObjectType.obj
         x64\Debug\GBuffer.obj
         x64\Debug\GEMath.obj
         x64\Debug\moc_AddOrEditPointLightDialog.obj
         x64\Debug\moc_AddOrEditPointLightOnMapDialog.obj
         x64\Debug\moc_AddOrEditSGOOnMapDialog.obj
         x64\Debug\moc_ConfigurePLRelativePosWidget.obj
         x64\Debug\moc_ControlDialog.obj
         x64\Debug\moc_GETableSignals.obj
         x64\Debug\moc_MapEditorData.obj
         x64\Debug\moc_MapEditorPreferencesDialog.obj
         x64\Debug\moc_MapEditorViewModel.obj
         x64\Debug\moc_PointLightTableWidget.obj
         x64\Debug\moc_PointLightWidgetToolBox.obj
         x64\Debug\moc_QtGEPaginator.obj
         x64\Debug\moc_SGOOnMapTableWidget.obj
         x64\Debug\moc_SGOOnMapTM.obj
         x64\Debug\moc_SGOOnMapToolBox.obj
         x64\Debug\moc_SGOTableWidget.obj
         x64\Debug\moc_SGOWidgetToolBox.obj
         x64\Debug\moc_StaticGameObjectTM.obj
         x64\Debug\GETableSignals.obj
         x64\Debug\DepthBufferShader.obj
         x64\Debug\MapEditorControl.obj
         x64\Debug\MapEditorData.obj
         x64\Debug\MapEditorPreferences.obj
         x64\Debug\MapEditorPreferencesDialog.obj
         x64\Debug\MapEditorViewModel.obj
         x64\Debug\OctoTree.obj
         x64\Debug\OctoTreeNode.obj
         x64\Debug\PLShadowedTesselatedShader.obj
         x64\Debug\PLShadowGenerationShader.obj
         x64\Debug\PointLight.obj
         x64\Debug\PointLightDefferedParameters.obj
         x64\Debug\PointLightDefferedShader.obj
         x64\Debug\PointLightMetadata.obj
         x64\Debug\PointLightOnMapMetadata.obj
         x64\Debug\PointLightOnMapRepository.obj
         x64\Debug\PointLightOnMapService.obj
         x64\Debug\PointLightRepository.obj
         x64\Debug\PointLightService.obj
         x64\Debug\PointLightTableWidget.obj
         x64\Debug\PointLightTesselatedShader.obj
         x64\Debug\PointLightTM.obj
         x64\Debug\PointLightVolumeGridObject.obj
         x64\Debug\PointLightWidgetToolBox.obj
         x64\Debug\QtGEPaginator.obj
         x64\Debug\SGOMetadata.obj
         x64\Debug\SGOOnMapMetadata.obj
         x64\Debug\SGOOnMapRepository.obj
         x64\Debug\moc_AddStaticGameObjectDialog.obj
         x64\Debug\moc_GameEditor.obj
         x64\Debug\moc_MapEditor.obj
         x64\Debug\moc_ObjConverterDialog.obj
         x64\Debug\moc_PreviewStaticGOWidget.obj
         x64\Debug\moc_QtDirectXWidget.obj
         x64\Debug\qrc_GameEditor.obj
         x64\Debug\GraphicSystem.obj
         x64\Debug\GridShader.obj
         x64\Debug\HighPerformanceTimer.obj
         x64\Debug\IConverter.obj
         x64\Debug\IMaterialCreator.obj
         x64\Debug\InputListener.obj
         x64\Debug\InputSystem.obj
         x64\Debug\IShader.obj
         x64\Debug\LightininigSystem.obj
         x64\Debug\Logger.obj
         x64\Debug\main.obj
         x64\Debug\MapEditor.obj
         x64\Debug\MaterialFactory.obj
         x64\Debug\ModelFactory.obj
         x64\Debug\MtlMatLibConverter.obj
         x64\Debug\ObjConverterDialog.obj
         x64\Debug\ObjMeshConverter.obj
         x64\Debug\PreviewGameObject.obj
         x64\Debug\PreviewStaticGOWidget.obj
         x64\Debug\QtDirectXWidget.obj
         x64\Debug\QtGameFrameworkTest.obj
         x64\Debug\QtLoggerPart.obj
         x64\Debug\QtUnitOfWork.obj
         x64\Debug\QtUtils.obj
         x64\Debug\SGOOnMapService.obj
         x64\Debug\SGOOnMapTableWidget.obj
         x64\Debug\SGOOnMapTM.obj
         x64\Debug\SGOOnMapToolBox.obj
         x64\Debug\SGOTableWidget.obj
         x64\Debug\SGOWidgetToolBox.obj
         x64\Debug\ShaderConfiguration.obj
         x64\Debug\IShaderCreator.obj
         x64\Debug\ShaderFactory.obj
         x64\Debug\SingleDirectLightShader.obj
         x64\Debug\SpecularDefferedShader.obj
         x64\Debug\SpecularMaterial.obj
         x64\Debug\SpecularMaterialCreator.obj
         x64\Debug\SpecularSingleDirLightShader.obj
         x64\Debug\Model.obj
         x64\Debug\StaticGameObject.obj
         x64\Debug\StaticGameObjectTM.obj
         x64\Debug\StaticGORepository.obj
         x64\Debug\StaticGOService.obj
         x64\Debug\Mesh.obj
         x64\Debug\Texture.obj
         x64\Debug\TextureDefferedShader.obj
         x64\Debug\TextureFactory.obj
         x64\Debug\TextureMaterial.obj
         x64\Debug\TextureMaterialCreator.obj
         x64\Debug\TextureShader.obj
         x64\Debug\Timer.obj
         x64\Debug\TwoColoredDrawableBB.obj
         x64\Debug\UnfrozenDrawableBB.obj
         x64\Debug\UnfrozenDrawableBBFactory.obj
         x64\Debug\Utils.obj
         GameEditor.vcxproj -> C:\Users\Fedor\Documents\Visual Studio 2013\Projects\GameEditor\x64\Debug\GameEditor.exe
     1>Done Building Project "C:\Users\Fedor\Documents\Visual Studio 2013\Projects\GameEditor\GameEditor\GameEditor.vcxproj" (Build target(s)).

Build succeeded.

Time Elapsed 00:07:17.88
